[00:00:01] [Server thread/INFO]: Named entity class_4836['â“ê–á”‘â•âˆ· á’·âˆ·âŠ£á’·â†¸â•â„¸ Ì£ â‘'/23514, l='ServerLevel[CJU]', x=-51.50, y=93.00, z=-21.50] died: â“ê–á”‘â•âˆ· á’·âˆ·âŠ£á’·â†¸â•â„¸ Ì£ â‘ fell from a high place
[00:00:09] [Server thread/INFO]: Named entity class_4836['á”‘âšâˆ·á’·ê–â•âšá“­ á“­!Â¡á”‘âˆ·ê–Œ'/23408, l='ServerLevel[CJU]', x=6.76, y=51.25, z=-12.98] died: á”‘âšâˆ·á’·ê–â•âšá“­ á“­!Â¡á”‘âˆ·ê–Œ went up in flames
[00:00:29] [Server thread/INFO]: Named entity class_4836['á”‘âšâˆ·á’·ê–â•á”‘ãƒªğ™¹ â†¸âˆ·á”‘âˆ·ğ™¹ê–'/23401, l='ServerLevel[CJU]', x=216.53, y=26.00, z=214.53] died: á”‘âšâˆ·á’·ê–â•á”‘ãƒªğ™¹ â†¸âˆ·á”‘âˆ·ğ™¹ê– tried to swim in lava
[00:00:29] [Server thread/INFO]: Named entity class_4836['ğ™¹âˆ·ğ™¹ á’²á”‘âˆ·ãƒªá”‘âˆ·á”‘ãƒª'/23403, l='ServerLevel[CJU]', x=223.34, y=24.90, z=214.57] died: ğ™¹âˆ·ğ™¹ á’²á”‘âˆ·ãƒªá”‘âˆ·á”‘ãƒª tried to swim in lava
[00:00:36] [Server thread/INFO]: Named entity class_4836['â‘á’·á’²á”‘ á“­á“µğ™¹âˆ·á“µâ‘'/23542, l='ServerLevel[CJU]', x=53.64, y=67.25, z=82.08] died: â‘á’·á’²á”‘ á“­á“µğ™¹âˆ·á“µâ‘ went up in flames
[00:00:47] [Server thread/INFO]: Named entity class_4836['á”‘â†¸â•á“­â‘ Ê–ğ™¹ê–á’²ğ™¹âˆ·ğ™¹ãƒª'/23404, l='ServerLevel[CJU]', x=211.43, y=35.88, z=230.49] died: á”‘â†¸â•á“­â‘ Ê–ğ™¹ê–á’²ğ™¹âˆ·ğ™¹ãƒª fell from a high place
[00:01:12] [Worker-Main-2/WARN]: Skipped emitting ENTITY_MOUNT game event for entity class_4985['Strider'/23775, l='ServerLevel[CJU]', x=-136.00, y=84.00, z=292.00] as it would cause deadlock
[00:01:12] [Server thread/WARN]: Skipped emitting ENTITY_MOUNT game event for entity class_4985['Strider'/23783, l='ServerLevel[CJU]', x=-136.00, y=84.00, z=292.00] as it would cause deadlock
[00:01:20] [Server thread/INFO]: Named entity class_4836['á’·âšâˆ·âˆ´á’·ãƒª Ê–á’·á”‘ê–Œ'/23718, l='ServerLevel[CJU]', x=109.50, y=43.25, z=5.75] died: á’·âšâˆ·âˆ´á’·ãƒª Ê–á’·á”‘ê–Œ went up in flames
[00:01:23] [Server thread/INFO]: Named entity class_4836['ğ™¹âˆ·â•á”‘ãƒªá”‘ ğ™¹ê–âˆ·ğ™¹â„¸ Ì£ â‘'/23405, l='ServerLevel[CJU]', x=211.30, y=35.88, z=231.33] died: ğ™¹âˆ·â•á”‘ãƒªá”‘ ğ™¹ê–âˆ·ğ™¹â„¸ Ì£ â‘ fell from a high place
[00:01:28] [Server thread/INFO]: Named entity class_4836['á“µ||âˆ·á”‘ â†¸âˆ·á”‘â¨…âŠ£á”‘ê–ê–á’·â„¸ Ì£ â‘'/23402, l='ServerLevel[CJU]', x=211.42, y=35.88, z=230.34] died: á“µ||âˆ·á”‘ â†¸âˆ·á”‘â¨…âŠ£á”‘ê–ê–á’·â„¸ Ì£ â‘ fell from a high place
[00:01:30] [Server thread/INFO]: Named entity class_4836['ğ™¹âˆ·á”‘ê–â•á’· á”‘â¨…'âŠ£ğ™¹â¨…ğ™¹ê–'/23420, l='ServerLevel[CJU]', x=230.47, y=26.00, z=214.53] died: ğ™¹âˆ·á”‘ê–â•á’· á”‘â¨…'âŠ£ğ™¹â¨…ğ™¹ê– tried to swim in lava
[00:01:30] [Server thread/INFO]: Named entity class_4836['âˆ´ğ™¹âˆ·ê–Œãƒªá’·á“­â‘ âŠ£á’·ãƒªá’·á“­â•á“­'/23421, l='ServerLevel[CJU]', x=235.55, y=25.60, z=214.44] died: âˆ´ğ™¹âˆ·ê–Œãƒªá’·á“­â‘ âŠ£á’·ãƒªá’·á“­â•á“­ tried to swim in lava
[00:01:30] [Worker-Main-1/WARN]: Skipped emitting ENTITY_MOUNT game event for entity class_4985['Strider'/23840, l='ServerLevel[CJU]', x=287.00, y=31.00, z=-37.00] as it would cause deadlock
[00:01:30] [Server thread/WARN]: Skipped emitting ENTITY_MOUNT game event for entity class_4985['Strider'/23856, l='ServerLevel[CJU]', x=287.00, y=31.00, z=-37.00] as it would cause deadlock
[00:01:39] [Server thread/INFO]: Named entity class_5419['â‘âšâŠ£â‘ á”‘â¨…'âŠ£ğ™¹â¨…ğ™¹ê–'/23602, l='ServerLevel[CJU]', x=244.51, y=21.00, z=218.49] died: â‘âšâŠ£â‘ á”‘â¨…'âŠ£ğ™¹â¨…ğ™¹ê– tried to swim in lava
[00:01:41] [Server thread/INFO]: Gasttritis has made the advancement [A glorious Past]
[00:01:55] [Server thread/INFO]: Named entity class_5419['á”‘!Â¡ğ™¹ê–ê–ğ™¹ãƒªâ•á”‘ â„¸ Ì£ ğ™¹âŠ£âˆ·âšê–ê–ğ™¹á“µâ‘'/23604, l='ServerLevel[CJU]', x=243.51, y=63.00, z=212.51] died: á”‘!Â¡ğ™¹ê–ê–ğ™¹ãƒªâ•á”‘ â„¸ Ì£ ğ™¹âŠ£âˆ·âšê–ê–ğ™¹á“µâ‘ suffocated in a wall
[00:01:55] [Server thread/INFO]: Named entity class_5419['á’·â†¸á”‘ãƒª â†¸ğ™¹âŠ£'â†¸âˆ·â•â„¸ Ì£ â‘'/23605, l='ServerLevel[CJU]', x=241.51, y=63.00, z=212.49] died: á’·â†¸á”‘ãƒª â†¸ğ™¹âŠ£'â†¸âˆ·â•â„¸ Ì£ â‘ suffocated in a wall
[00:02:06] [Worker-Main-3/WARN]: Skipped emitting ENTITY_MOUNT game event for entity class_4985['Strider'/23980, l='ServerLevel[CJU]', x=289.00, y=31.00, z=299.00] as it would cause deadlock
[00:02:06] [Server thread/WARN]: Skipped emitting ENTITY_MOUNT game event for entity class_4985['Strider'/23984, l='ServerLevel[CJU]', x=289.00, y=31.00, z=299.00] as it would cause deadlock
[00:02:09] [Server thread/INFO]: Named entity class_4836['á“­!Â¡á”‘âˆ·ê–Œê–á’·á“­ Ê–âˆ·â•á’²'/23828, l='ServerLevel[CJU]', x=258.57, y=26.00, z=214.66] died: á“­!Â¡á”‘âˆ·ê–Œê–á’·á“­ Ê–âˆ·â•á’² tried to swim in lava
[00:02:10] [Worker-Main-2/WARN]: Skipped emitting ENTITY_MOUNT game event for entity class_4985['Strider'/24001, l='ServerLevel[CJU]', x=317.00, y=31.00, z=13.00] as it would cause deadlock
[00:02:10] [Server thread/WARN]: Skipped emitting ENTITY_MOUNT game event for entity class_4985['Strider'/24004, l='ServerLevel[CJU]', x=317.00, y=31.00, z=13.00] as it would cause deadlock
[00:02:10] [Server thread/INFO]: Named entity class_4836['â“âšâ‹®â• âˆ·á”‘||'/23932, l='ServerLevel[CJU]', x=24.41, y=35.25, z=124.18] died: â“âšâ‹®â• âˆ·á”‘|| went up in flames
[00:02:14] [Server thread/INFO]: Named entity class_4836['âˆ·ğ™¹á“­á”‘âšâˆ·á”‘ ğ™¹âŠ£ê–á”‘ãƒªãƒªá”‘ê–Œ'/23849, l='ServerLevel[CJU]', x=286.66, y=28.00, z=200.43] died: âˆ·ğ™¹á“­á”‘âšâˆ·á”‘ ğ™¹âŠ£ê–á”‘ãƒªãƒªá”‘ê–Œ tried to swim in lava
[00:02:50] [Server thread/INFO]: Named entity class_4836['â“â•ãƒªê–ğ™¹ Ê–ğ™¹ãƒªâŠ£âˆ·â•ê–Œ'/23606, l='ServerLevel[CJU]', x=224.39, y=24.69, z=206.23] died: â“â•ãƒªê–ğ™¹ Ê–ğ™¹ãƒªâŠ£âˆ·â•ê–Œ tried to swim in lava
[00:02:50] [Worker-Main-1/WARN]: Skipped emitting ENTITY_MOUNT game event for entity class_4985['Strider'/24151, l='ServerLevel[CJU]', x=332.00, y=31.00, z=-21.00] as it would cause deadlock
[00:02:50] [Server thread/WARN]: Skipped emitting ENTITY_MOUNT game event for entity class_4985['Strider'/24153, l='ServerLevel[CJU]', x=332.00, y=31.00, z=-21.00] as it would cause deadlock
[00:02:50] [Worker-Main-3/WARN]: Skipped emitting ENTITY_MOUNT game event for entity class_4985['Strider'/24156, l='ServerLevel[CJU]', x=335.00, y=31.00, z=182.00] as it would cause deadlock
[00:02:50] [Server thread/WARN]: Skipped emitting ENTITY_MOUNT game event for entity class_4985['Strider'/24161, l='ServerLevel[CJU]', x=335.00, y=31.00, z=182.00] as it would cause deadlock
[00:03:06] [Server thread/INFO]: Named entity class_4836['á”‘â•â„¸ Ì£ â¨…â•Ê–á’·âˆ· á’²á”‘âˆ·ãƒªá”‘âˆ·á”‘ãƒª'/24229, l='ServerLevel[CJU]', x=128.30, y=85.00, z=114.70] died: á”‘â•â„¸ Ì£ â¨…â•Ê–á’·âˆ· á’²á”‘âˆ·ãƒªá”‘âˆ·á”‘ãƒª was slain by Gasttritis
[00:03:10] [Server thread/INFO]: Named entity class_5419['ğ™¹âˆ·â“â‘ê–á”‘â•â„¸ Ì£ â‘ â•ãƒªâ“á’·âˆ·ãƒªğ™¹'/23600, l='ServerLevel[CJU]', x=231.30, y=22.42, z=206.30] died: ğ™¹âˆ·â“â‘ê–á”‘â•â„¸ Ì£ â‘ â•ãƒªâ“á’·âˆ·ãƒªğ™¹ tried to swim in lava
[00:03:33] [Server thread/INFO]: Named entity class_4836['á“­âšâˆ·||á”‘ â„¸ Ì£ âˆ·ğ™¹âŠ£'â†¸âˆ·â•âˆ·á”‘ãƒª'/23609, l='ServerLevel[CJU]', x=229.70, y=25.22, z=206.30] died: á“­âšâˆ·||á”‘ â„¸ Ì£ âˆ·ğ™¹âŠ£'â†¸âˆ·â•âˆ·á”‘ãƒª tried to swim in lava
[00:03:47] [Server thread/INFO]: Named entity class_4836['á“­á’²â•â„¸ Ì£ ğ™¹ãƒª|| Ì‡/'/24297, l='ServerLevel[CJU]', x=93.95, y=85.25, z=81.11] died: á“­á’²â•â„¸ Ì£ ğ™¹ãƒª|| Ì‡/ went up in flames
[00:03:59] [Server thread/INFO]: Named entity class_4836['â‘á”‘ê–Œá”‘ãƒª âŠ£á’·ãƒªá’·á“­â•á“­'/24374, l='ServerLevel[CJU]', x=45.50, y=97.00, z=83.61] died: â‘á”‘ê–Œá”‘ãƒª âŠ£á’·ãƒªá’·á“­â•á“­ discovered the floor was lava
[00:04:39] [Server thread/INFO]: Named entity class_4836['||á”‘âˆ·â• â†¸á’·â‹®á”‘'/24547, l='ServerLevel[CJU]', x=44.31, y=69.25, z=106.91] died: ||á”‘âˆ·â• â†¸á’·â‹®á”‘ went up in flames
[00:04:45] [Server thread/INFO]: Named entity class_4836['âˆ·â‘||á“­ ğ™¹á“­â„¸ Ì£ âˆ·â•â†¸'/24375, l='ServerLevel[CJU]', x=44.51, y=97.00, z=80.60] died: âˆ·â‘||á“­ ğ™¹á“­â„¸ Ì£ âˆ·â•â†¸ was shot by gordobe
[00:04:55] [Server thread/INFO]: Named entity class_4836['á“­âˆ´á”‘âˆ·ãƒªá”‘ Ê–âˆ·â•á’²'/24373, l='ServerLevel[CJU]', x=57.20, y=98.25, z=78.16] died: á“­âˆ´á”‘âˆ·ãƒªá”‘ Ê–âˆ·â•á’² went up in flames
[00:05:12] [Server thread/INFO]: Named entity class_5419['â•âŠ£ãƒªá”‘á“µâ•ğ™¹  Ì‡/ğ™¹âˆ·âŠ£âˆ·á”‘ê–ğ™¹â†¸'/24548, l='ServerLevel[CJU]', x=41.30, y=65.00, z=99.30] died: â•âŠ£ãƒªá”‘á“µâ•ğ™¹  Ì‡/ğ™¹âˆ·âŠ£âˆ·á”‘ê–ğ™¹â†¸ was shot by Gasttritis
[00:05:17] [Server thread/INFO]: Named entity class_4836['â„¸ Ì£ â•â„¸ Ì£ á”‘â•á”‘ á“­ğ™¹âšê–'/24583, l='ServerLevel[CJU]', x=17.47, y=60.25, z=92.17] died: â„¸ Ì£ â•â„¸ Ì£ á”‘â•á”‘ á“­ğ™¹âšê– went up in flames
[00:05:53] [Server thread/INFO]: gordobe has completed the challenge [Return to Sender]
[00:06:36] [Server thread/INFO]: Named entity class_4836['á’·âŠ£á”‘ãƒª á“­á“µğ™¹âˆ·á“µâ‘'/24891, l='ServerLevel[CJU]', x=56.78, y=63.25, z=2.88] died: á’·âŠ£á”‘ãƒª á“­á“µğ™¹âˆ·á“µâ‘ went up in flames
[00:07:56] [Server thread/INFO]: Named entity class_4836['á“­ğ™¹âšâŠá”‘ãƒªê–Œâ‘á”‘á’² â†¸á’·â‹®á”‘'/25221, l='ServerLevel[CJU]', x=-9.21, y=52.25, z=-20.61] died: á“­ğ™¹âšâŠá”‘ãƒªê–Œâ‘á”‘á’² â†¸á’·â‹®á”‘ went up in flames
